c:\users\ahmad22\source\repos\project9\project9\x64\debug\vc141.pdb
c:\users\ahmad22\source\repos\project9\project9\x64\debug\signup.obj
c:\users\ahmad22\source\repos\project9\project9\x64\debug\login.obj
c:\users\ahmad22\source\repos\project9\project9\x64\debug\.netframework,version=v4.7.2.assemblyattributes.obj
c:\users\ahmad22\source\repos\project9\project9\x64\debug\.netframework,version=v4.7.2.assemblyattributes.asm
c:\users\ahmad22\source\repos\project9\project9\x64\debug\userform.obj
c:\users\ahmad22\source\repos\9\project9\x64\debug\vc141.pdb
c:\users\ahmad22\source\repos\9\project9\x64\debug\userform.obj
c:\users\ahmad22\source\repos\9\project9\x64\debug\signup.obj
c:\users\ahmad22\source\repos\9\project9\x64\debug\login.obj
c:\users\ahmad22\source\repos\project9\x64\debug\project9.exe
c:\users\ahmad22\source\repos\project9\x64\debug\project9.pdb
c:\users\ahmad22\source\repos\9\x64\debug\project9.exe
c:\users\ahmad22\source\repos\9\x64\debug\project9.pdb
c:\users\ahmad22\source\repos\project9\project9\x64\debug\project9.login.resources
c:\users\ahmad22\source\repos\project9\project9\x64\debug\project9.myform.resources
c:\users\ahmad22\source\repos\project9\project9\x64\debug\project9.signup.resources
c:\users\ahmad22\source\repos\project9\project9\x64\debug\project9.userform.resources
c:\users\ahmad22\source\repos\9\project9\x64\debug\project9.login.resources
c:\users\ahmad22\source\repos\9\project9\x64\debug\project9.myform.resources
c:\users\ahmad22\source\repos\9\project9\x64\debug\project9.signup.resources
c:\users\ahmad22\source\repos\9\project9\x64\debug\project9.userform.resources
c:\users\ahmad22\source\repos\9\project9\x64\debug\project9.vcxproj.assemblyreference.cache
c:\users\ahmad22\source\repos\9\project9\x64\debug\project9.vcxproj.generateresource.cache
c:\users\ahmad22\source\repos\9\project9\x64\debug\project9.vcxproj.suggestedbindingredirects.cache
c:\users\ahmad22\source\repos\9\project9\x64\debug\project9.vcxprojassemblyreference.cache
c:\users\ahmad22\source\repos\9\project9\x64\debug\.netframework,version=v4.7.2.assemblyattributes.obj
c:\users\ahmad22\source\repos\9\project9\x64\debug\myform.obj
c:\users\ahmad22\source\repos\9\project9\x64\debug\vc143.pdb
c:\users\ahmad22\source\repos\9\project9\x64\debug\project9.tlog\cl.command.1.tlog
c:\users\ahmad22\source\repos\9\project9\x64\debug\project9.tlog\cl.read.1.tlog
c:\users\ahmad22\source\repos\9\project9\x64\debug\project9.tlog\cl.write.1.tlog
c:\users\ahmad22\source\repos\9\project9\x64\debug\project9.tlog\link.command.1.tlog
c:\users\ahmad22\source\repos\9\project9\x64\debug\project9.tlog\link.read.1.tlog
c:\users\ahmad22\source\repos\9\project9\x64\debug\project9.tlog\link.write.1.tlog
c:\users\ahmad22\source\repos\9\project9\x64\debug\project9.tlog\metagen.read.1.tlog
c:\users\ahmad22\source\repos\9\project9\x64\debug\project9.tlog\metagen.write.1.tlog
c:\users\ahmad22\source\repos\9\project9\x64\debug\project9.tlog\project9.write.1u.tlog
